#
# There is insufficient memory for the Java Runtime Environment to continue.
# Native memory allocation (mmap) failed to map 268435456 bytes. Error detail: G1 virtual space
# Possible reasons:
#   The system is out of physical RAM or swap space
#   This process is running with CompressedOops enabled, and the Java Heap may be blocking the growth of the native heap
# Possible solutions:
#   Reduce memory load on the system
#   Increase physical memory or swap space
#   Check if swap backing store is full
#   Decrease Java heap size (-Xmx/-Xms)
#   Decrease number of Java threads
#   Decrease Java thread stack sizes (-Xss)
#   Set larger code cache with -XX:ReservedCodeCacheSize=
#   JVM is running with Zero Based Compressed Oops mode in which the Java heap is
#     placed in the first 32GB address space. The Java Heap base address is the
#     maximum limit for the native heap growth. Please use -XX:HeapBaseMinAddress
#     to set the Java Heap base and to place the Java Heap above 32GB virtual address.
# This output file may be truncated or incomplete.
#
#  Out of Memory Error (os_windows.cpp:3828), pid=16944, tid=10632
#
# JRE version:  (21.0.5+8) (build )
# Java VM: OpenJDK 64-Bit Server VM (21.0.5+8-b631.16, mixed mode, sharing, tiered, compressed oops, compressed class ptrs, g1 gc, windows-amd64)
# No core dump will be written. Minidumps are not enabled by default on client versions of Windows
#

---------------  S U M M A R Y ------------

Command Line: git4idea.http.GitAskPassApp Username for 'https://github.com': 

Host: Intel(R) Core(TM) i5-4570 CPU @ 3.20GHz, 4 cores, 15G,  Windows 10 , 64 bit Build 19041 (10.0.19041.5072)
Time: Wed Nov 27 16:37:21 2024  Windows 10 , 64 bit Build 19041 (10.0.19041.5072) elapsed time: 0.014785 seconds (0d 0h 0m 0s)

---------------  T H R E A D  ---------------

Current thread (0x00000193fe662f60):  JavaThread "Unknown thread" [_thread_in_vm, id=10632, stack(0x00000080ea100000,0x00000080ea200000) (1024K)]

Stack: [0x00000080ea100000,0x00000080ea200000]
Native frames: (J=compiled Java code, j=interpreted, Vv=VM code, C=native code)
V  [jvm.dll+0x6e52b9]
V  [jvm.dll+0x8c3633]
V  [jvm.dll+0x8c5b8e]
V  [jvm.dll+0x8c6273]
V  [jvm.dll+0x288f46]
V  [jvm.dll+0x6e1a35]
V  [jvm.dll+0x6d5e3a]
V  [jvm.dll+0x3634bb]
V  [jvm.dll+0x36b086]
V  [jvm.dll+0x3bd346]
V  [jvm.dll+0x3bd618]
V  [jvm.dll+0x335c2c]
V  [jvm.dll+0x33691b]
V  [jvm.dll+0x88aa89]
V  [jvm.dll+0x3ca518]
V  [jvm.dll+0x873b98]
V  [jvm.dll+0x45eede]
V  [jvm.dll+0x460bc1]
C  [jli.dll+0x52ab]
C  [ucrtbase.dll+0x21bb2]
C  [KERNEL32.DLL+0x17374]
C  [ntdll.dll+0x4cc91]


---------------  P R O C E S S  ---------------

Threads class SMR info:
_java_thread_list=0x00007ff88ee5a148, length=0, elements={
}

Java Threads: ( => current thread )
Total: 0

Other Threads:
  0x00000193fe7c9120 WorkerThread "GC Thread#0"                     [id=12556, stack(0x00000080ea200000,0x00000080ea300000) (1024K)]
  0x00000193fe7dafe0 ConcurrentGCThread "G1 Main Marker"            [id=4148, stack(0x00000080ea300000,0x00000080ea400000) (1024K)]
  0x00000193fe7dc190 WorkerThread "G1 Conc#0"                       [id=3832, stack(0x00000080ea400000,0x00000080ea500000) (1024K)]

[error occurred during error reporting (printing all threads), id 0xc0000005, EXCEPTION_ACCESS_VIOLATION (0xc0000005) at pc=0x00007ff88e548ce7]
VM state: not at safepoint (not fully initialized)

VM Mutex/Monitor currently owned by a thread:  ([mutex/lock_event])
[0x00007ff88eeceb30] Heap_lock - owner thread: 0x00000193fe662f60

Heap address: 0x0000000701e00000, size: 4066 MB, Compressed Oops mode: Zero based, Oop shift amount: 3

CDS archive(s) mapped at: [0x0000000000000000-0x0000000000000000-0x0000000000000000), size 0, SharedBaseAddress: 0x0000000800000000, ArchiveRelocationMode: 1.
Narrow klass base: 0x0000000000000000, Narrow klass shift: 0, Narrow klass range: 0x0

GC Precious Log:
 CardTable entry size: 512
 Card Set container configuration: InlinePtr #cards 4 size 8 Array Of Cards #cards 16 size 48 Howl #buckets 8 coarsen threshold 3686 Howl Bitmap #cards 512 size 80 coarsen threshold 460 Card regions per heap region 1 cards per card region 4096

Heap:
 garbage-first heap   total 0K, used 0K [0x0000000701e00000, 0x0000000800000000)
  region size 2048K, 0 young (0K), 0 survivors (0K)
 Metaspace       used 0K, committed 0K, reserved 0K
  class space    used 0K, committed 0K, reserved 0K

Heap Regions: E=young(eden), S=young(survivor), O=old, HS=humongous(starts), HC=humongous(continues), CS=collection set, F=free, TAMS=top-at-mark-start, PB=parsable bottom

Card table byte_map: [0x00000193942e0000,0x0000019394ae0000] _byte_map_base: 0x0000019390ad1000

Marking Bits: (CMBitMap*) 0x00000193fe7ca740
 Bits: [0x0000019394ae0000, 0x0000019398a68000)

GC Heap History (0 events):
No events

Dll operation events (1 events):
Event: 0.009 Loaded shared library C:\Program Files\JetBrains\IntelliJ IDEA 2024.2.2\jbr\bin\java.dll

Deoptimization events (0 events):
No events

Classes loaded (0 events):
No events

Classes unloaded (0 events):
No events

Classes redefined (0 events):
No events

Internal exceptions (0 events):
No events

ZGC Phase Switch (0 events):
No events

VM Operations (0 events):
No events

Memory protections (0 events):
No events

Nmethod flushes (0 events):
No events

Events (0 events):
No events


Dynamic libraries:
0x00007ff778520000 - 0x00007ff77852a000 	C:\Program Files\JetBrains\IntelliJ IDEA 2024.2.2\jbr\bin\java.exe
0x00007ff8c5610000 - 0x00007ff8c5808000 	C:\Windows\SYSTEM32\ntdll.dll
0x00007ff8c3050000 - 0x00007ff8c3112000 	C:\Windows\System32\KERNEL32.DLL
0x00007ff8c24e0000 - 0x00007ff8c27de000 	C:\Windows\System32\KERNELBASE.dll
0x00007ff8c2890000 - 0x00007ff8c2990000 	C:\Windows\System32\ucrtbase.dll
0x00007ff89eaa0000 - 0x00007ff89eab8000 	C:\Program Files\JetBrains\IntelliJ IDEA 2024.2.2\jbr\bin\jli.dll
0x00007ff8bcb50000 - 0x00007ff8bcb6b000 	C:\Program Files\JetBrains\IntelliJ IDEA 2024.2.2\jbr\bin\VCRUNTIME140.dll
0x00007ff8c5430000 - 0x00007ff8c55cd000 	C:\Windows\System32\USER32.dll
0x00007ff8c29e0000 - 0x00007ff8c2a02000 	C:\Windows\System32\win32u.dll
0x00007ff8c4cf0000 - 0x00007ff8c4d1b000 	C:\Windows\System32\GDI32.dll
0x00007ff8a7170000 - 0x00007ff8a740a000 	C:\Windows\WinSxS\amd64_microsoft.windows.common-controls_6595b64144ccf1df_6.0.19041.4355_none_60b8b9eb71f62e16\COMCTL32.dll
0x00007ff8c2a10000 - 0x00007ff8c2b27000 	C:\Windows\System32\gdi32full.dll
0x00007ff8c4940000 - 0x00007ff8c49de000 	C:\Windows\System32\msvcrt.dll
0x00007ff8c2be0000 - 0x00007ff8c2c7d000 	C:\Windows\System32\msvcp_win.dll
0x00007ff8c5140000 - 0x00007ff8c516f000 	C:\Windows\System32\IMM32.DLL
0x00007ff8b4280000 - 0x00007ff8b428c000 	C:\Program Files\JetBrains\IntelliJ IDEA 2024.2.2\jbr\bin\vcruntime140_1.dll
0x00007ff891a80000 - 0x00007ff891b0d000 	C:\Program Files\JetBrains\IntelliJ IDEA 2024.2.2\jbr\bin\msvcp140.dll
0x00007ff88e200000 - 0x00007ff88efc1000 	C:\Program Files\JetBrains\IntelliJ IDEA 2024.2.2\jbr\bin\server\jvm.dll
0x00007ff8c4e30000 - 0x00007ff8c4ee1000 	C:\Windows\System32\ADVAPI32.dll
0x00007ff8c4000000 - 0x00007ff8c409f000 	C:\Windows\System32\sechost.dll
0x00007ff8c4a00000 - 0x00007ff8c4b23000 	C:\Windows\System32\RPCRT4.dll
0x00007ff8c24b0000 - 0x00007ff8c24d7000 	C:\Windows\System32\bcrypt.dll
0x00007ff8c2fe0000 - 0x00007ff8c304b000 	C:\Windows\System32\WS2_32.dll
0x00007ff8c1800000 - 0x00007ff8c184b000 	C:\Windows\SYSTEM32\POWRPROF.dll
0x00007ff8af3c0000 - 0x00007ff8af3e7000 	C:\Windows\SYSTEM32\WINMM.dll
0x00007ff8b7ba0000 - 0x00007ff8b7baa000 	C:\Windows\SYSTEM32\VERSION.dll
0x00007ff8c16d0000 - 0x00007ff8c16e2000 	C:\Windows\SYSTEM32\UMPDC.dll
0x00007ff8c0170000 - 0x00007ff8c0182000 	C:\Windows\SYSTEM32\kernel.appcore.dll
0x00007ff8b4040000 - 0x00007ff8b404a000 	C:\Program Files\JetBrains\IntelliJ IDEA 2024.2.2\jbr\bin\jimage.dll
0x00007ff88c910000 - 0x00007ff88caf4000 	C:\Windows\SYSTEM32\DBGHELP.DLL
0x00007ff88c8d0000 - 0x00007ff88c904000 	C:\Windows\SYSTEM32\dbgcore.DLL
0x00007ff8c22c0000 - 0x00007ff8c2342000 	C:\Windows\System32\bcryptPrimitives.dll
0x00007ff8b3de0000 - 0x00007ff8b3e00000 	C:\Program Files\JetBrains\IntelliJ IDEA 2024.2.2\jbr\bin\java.dll

dbghelp: loaded successfully - version: 4.0.5 - missing functions: none
symbol engine: initialized successfully - sym options: 0x614 - pdb path: .;C:\Program Files\JetBrains\IntelliJ IDEA 2024.2.2\jbr\bin;C:\Windows\SYSTEM32;C:\Windows\WinSxS\amd64_microsoft.windows.common-controls_6595b64144ccf1df_6.0.19041.4355_none_60b8b9eb71f62e16;C:\Program Files\JetBrains\IntelliJ IDEA 2024.2.2\jbr\bin\server

VM Arguments:
java_command: git4idea.http.GitAskPassApp Username for 'https://github.com': 
java_class_path (initial): C:/Program Files/JetBrains/IntelliJ IDEA 2024.2.2/plugins/vcs-git/lib/git4idea-rt.jar;C:/Program Files/JetBrains/IntelliJ IDEA 2024.2.2/lib/externalProcess-rt.jar
Launcher Type: SUN_STANDARD

[Global flags]
     intx CICompilerCount                          = 3                                         {product} {ergonomic}
     uint ConcGCThreads                            = 1                                         {product} {ergonomic}
     uint G1ConcRefinementThreads                  = 4                                         {product} {ergonomic}
   size_t G1HeapRegionSize                         = 2097152                                   {product} {ergonomic}
    uintx GCDrainStackTargetSize                   = 64                                        {product} {ergonomic}
   size_t InitialHeapSize                          = 268435456                                 {product} {ergonomic}
   size_t MarkStackSize                            = 4194304                                   {product} {ergonomic}
   size_t MaxHeapSize                              = 4263510016                                {product} {ergonomic}
   size_t MinHeapDeltaBytes                        = 2097152                                   {product} {ergonomic}
   size_t MinHeapSize                              = 8388608                                   {product} {ergonomic}
    uintx NonNMethodCodeHeapSize                   = 5832780                                {pd product} {ergonomic}
    uintx NonProfiledCodeHeapSize                  = 122912730                              {pd product} {ergonomic}
    uintx ProfiledCodeHeapSize                     = 122912730                              {pd product} {ergonomic}
    uintx ReservedCodeCacheSize                    = 251658240                              {pd product} {ergonomic}
     bool SegmentedCodeCache                       = true                                      {product} {ergonomic}
   size_t SoftMaxHeapSize                          = 4263510016                             {manageable} {ergonomic}
     bool UseCompressedOops                        = true                           {product lp64_product} {ergonomic}
     bool UseG1GC                                  = true                                      {product} {ergonomic}
     bool UseLargePagesIndividualAllocation        = false                                  {pd product} {ergonomic}

Logging:
Log output configuration:
 #0: stdout all=warning uptime,level,tags foldmultilines=false
 #1: stderr all=off uptime,level,tags foldmultilines=false

Environment Variables:
PATH=C:\Program Files\Git\mingw64\libexec\git-core;C:\Program Files\Git\mingw64\libexec\git-core;C:\Program Files\Git\mingw64\bin;C:\Program Files\Git\usr\bin;C:\Users\test\bin;C:\PROGRA~2\Fiery\APPLIC~1\COMMON~1\EFI;C:\Program Files (x86)\Common files\EFI;C:\Program Files (x86)\Common files\EFI\EFI ES-1000 Service;C:\Program Files (x86)\Common Files\Oracle\Java\javapath;C:\PROGRA~2\JAVA\JRE18~1.0_2\BIN;C:\PROGRAM FILES (X86)\NVIDIA CORPORATION\PHYSX\COMMON;C:\PROGRAMDATA\ORACLE\JAVA\JAVAPATH;C:\PROGRA~2\FIERY\COMMAN~1\PLUGINS;C:\PROGRAMDATA\MORUNTIME;C:\PROGRA~2\JAVA\JRE6\BIN;C:\PROGRAM FILES (X86)\INTEL\ICLS CLIENT;C:\PROGRAM FILES\INTEL\ICLS CLIENT;C:\Windows\SYSTEM32;C:\Windows;C:\Windows\SYSTEM32\WBEM;C:\Windows\SYSTEM32\WINDOWSPOWERSHELL\V1.0;C:\PROGRAM FILES\INTEL\INTEL(R) MANAGEMENT ENGINE COMPONENTS\DAL;C:\PROGRAM FILES\INTEL\INTEL(R) MANAGEMENT ENGINE COMPONENTS\IPT;C:\PROGRAM FILES (X86)\INTEL\INTEL(R) MANAGEMENT ENGINE COMPONENTS\DAL;C:\PROGRAM FILES (X86)\INTEL\INTEL(R) MANAGEMENT ENGINE COMPONENTS\IPT;C:\PROGRAM FILES (X86)\INTEL\OPENCL SDK\3.0\BIN\X86;C:\PROGRAM FILES (X86)\INTEL\OPENCL SDK\3.0\BIN\X64;C:\PROGRAM FILES (X86)\ATI TECHNOLOGIES\ATI.ACE\CORE-STATIC;C:\PROGRA~2\FIERY\COMMAN~1\FIERYC~1;C:\PROGRAM FILES (X86)\QUICKTIME\QTSYSTEM;C:\PROGRAM FILES (X86)\AMD\ATI.ACE\CORE-STATIC;C:\PROGRAM FILES (X86)\MICROSOFT SQL SERVER\110\TOOLS\BINN;C:\PROGRAM FILES\MICROSOFT SQL SERVER\110\TOOLS\BINN;C:\PROGRAM FILES\MICROSOFT SQL SERVER\110\DTS\BINN;C:\PROGRAM FILES (X86)\MICROSOFT SQL SERVER\110\TOOLS\BINN\MANAGEMENTSTUDIO;C:\PROGRAM FILES (X86)\MICROSOFT SQL SERVER\110\DTS\BINN;C:\ESKO\ARTIOS\COMMON\PROGRAM;C:\MinGW\bin;C:\Program Files\dotnet;C:\Windows\system32;C:\Windows;C:\Windows\System32\Wbem;C:\Windows\System32\WindowsPowerShell\v1.0;C:\Windows\System32\OpenSSH;C:\Program Files (x86)\Print Conductor;C:\Program Files (x86)\Microsoft SQL Server\150\DTS\Binn;C:\PROGRA~2\COMMON~1\EFI;C:\PROGRA~2\COMMON~1\EFI\EFIES-~1;C:\Program Files\nodejs;C:\Program Files\Git\cmd;C:\Users\test\AppData\Local\Microsoft\WindowsApps;C:\Users\test\AppData\Local\Programs\Microsoft VS Code\bin;C:\Users\test\AppData\Roaming\npm;C:\Users\test\AppData\Local\Microsoft\WinGet\Packages\Schniz.fnm_Microsoft.Winget.Source_8wekyb3d8bbwe;C:\Users\test\AppData\Local\JetBrains\Toolbox\scripts;C:\Program Files\JetBrains\IntelliJ IDEA 2024.2.2\bin;C:\Users\test\AppData\Local\GitHubDesktop\bin
USERNAME=test
DISPLAY=:0.0
LC_ALL=en_US.UTF-8
TERM=xterm-256color
TMPDIR=C:\Users\test\AppData\Local\Temp
OS=Windows_NT
PROCESSOR_IDENTIFIER=Intel64 Family 6 Model 60 Stepping 3, GenuineIntel
TMP=C:\Users\test\AppData\Local\Temp
TEMP=C:\Users\test\AppData\Local\Temp




Periodic native trim disabled

JNI global refs:
JNI global refs: 0, weak refs: 0

JNI global refs memory usage: 0, weak refs: 0

Process memory usage:
Resident Set Size: 10864K (0% of 16653180K total physical memory with 2647156K free physical memory)

OOME stack traces (most recent first):
Classloader memory used:

---------------  S Y S T E M  ---------------

OS:
 Windows 10 , 64 bit Build 19041 (10.0.19041.5072)
OS uptime: 0 days 7:29 hours

CPU: total 4 (initial active 4) (4 cores per cpu, 1 threads per core) family 6 model 60 stepping 3 microcode 0x27, cx8, cmov, fxsr, mmx, sse, sse2, sse3, ssse3, sse4.1, sse4.2, popcnt, lzcnt, tsc, tscinvbit, avx, avx2, aes, erms, clmul, bmi1, bmi2, fma, vzeroupper, clflush, rdtscp, f16c
Processor Information for all 4 processors :
  Max Mhz: 3201, Current Mhz: 3201, Mhz Limit: 3201

Memory: 4k page, system-wide physical 16262M (2585M free)
TotalPageFile size 20262M (AvailPageFile size 194M)
current process WorkingSet (physical memory assigned to process): 10M, peak: 10M
current process commit charge ("private bytes"): 52M, peak: 308M

vm_info: OpenJDK 64-Bit Server VM (21.0.5+8-b631.16) for windows-amd64 JRE (21.0.5+8-b631.16), built on 2024-11-02 by "builduser" with MS VC++ 16.10 / 16.11 (VS2019)

END.
